<?xml version="1.0" encoding="UTF-8"?>
<!-- Generated by org.testng.reporters.JUnitReportReporter -->
<testsuite skipped="0" hostname="OGK-PC8" name="tests.ActionsDemo" tests="1" failures="0" timestamp="16 Jan 2019 08:23:05 GMT" time="1.340" errors="0">
  <testcase name="selectCurrencyTest" time="1.340" classname="tests.ActionsDemo"/>
</testsuite> <!-- tests.ActionsDemo -->
