<?xml version="1.0" encoding="UTF-8"?>
<!-- Generated by org.testng.reporters.JUnitReportReporter -->
<testsuite skipped="0" hostname="OGK-PC8" name="tests.ScopeTest" tests="1" failures="0" timestamp="16 Jan 2019 10:17:19 GMT" time="15.906" errors="0">
  <testcase name="ScopeTests" time="15.906" classname="tests.ScopeTest"/>
</testsuite> <!-- tests.ScopeTest -->
