<?xml version="1.0" encoding="UTF-8"?>
<!-- Generated by org.testng.reporters.JUnitReportReporter -->
<testsuite skipped="0" hostname="DESKTOP-0IMQFNT" name="tests.Checkoxes" tests="1" failures="0" timestamp="17 Jan 2019 18:53:10 GMT" time="0.117" errors="0">
  <testcase name="departuCityTest" time="0.117" classname="tests.Checkoxes"/>
</testsuite> <!-- tests.Checkoxes -->
