<?xml version="1.0" encoding="UTF-8"?>
<!-- Generated by org.testng.reporters.JUnitReportReporter -->
<testsuite skipped="0" hostname="DESKTOP-0IMQFNT" name="tests.SelectTest" tests="3" failures="0" timestamp="12 Jan 2019 19:23:54 GMT" time="3.794" errors="0">
  <testcase name="departuCityTest" time="2.594" classname="tests.SelectTest"/>
  <testcase name="selectCurrencyTest" time="0.110" classname="tests.SelectTest"/>
  <testcase name="selectCurrentData" time="1.090" classname="tests.SelectTest"/>
</testsuite> <!-- tests.SelectTest -->
