<?xml version="1.0" encoding="UTF-8"?>
<!-- Generated by org.testng.reporters.JUnitReportReporter -->
<testsuite skipped="0" hostname="DESKTOP-0IMQFNT" name="basics.AutoSuggestive" tests="1" failures="0" timestamp="12 Jan 2019 17:23:04 GMT" time="4.452" errors="0">
  <testcase name="departuCityTest" time="4.452" classname="basics.AutoSuggestive"/>
</testsuite> <!-- basics.AutoSuggestive -->
