<?xml version="1.0" encoding="UTF-8"?>
<!-- Generated by org.testng.reporters.JUnitReportReporter -->
<testsuite skipped="0" hostname="DESKTOP-0IMQFNT" name="advanced.AutoComplete" tests="1" failures="0" timestamp="17 Jan 2019 18:55:44 GMT" time="18.590" errors="0">
  <testcase name="test1" time="18.590" classname="advanced.AutoComplete"/>
</testsuite> <!-- advanced.AutoComplete -->
