<?xml version="1.0" encoding="UTF-8"?>
<!-- Generated by org.testng.reporters.JUnitReportReporter -->
<testsuite skipped="0" hostname="OGK-PC8" name="interviewquestions.StaleElementDemo" tests="1" failures="0" timestamp="13 Feb 2019 11:06:05 GMT" time="9.681" errors="0">
  <testcase name="test1" time="9.681" classname="interviewquestions.StaleElementDemo"/>
</testsuite> <!-- interviewquestions.StaleElementDemo -->
