<?xml version="1.0" encoding="UTF-8"?>
<!-- Generated by org.testng.reporters.JUnitReportReporter -->
<testsuite skipped="0" hostname="DESKTOP-0IMQFNT" name="advanced.JSClick" tests="2" failures="0" timestamp="17 Jan 2019 19:00:58 GMT" time="14.534" errors="0">
  <testcase name="test1" time="7.463" classname="advanced.JSClick"/>
  <testcase name="test2" time="7.071" classname="advanced.JSClick"/>
</testsuite> <!-- advanced.JSClick -->
