<?xml version="1.0" encoding="UTF-8"?>
<!-- Generated by org.testng.reporters.JUnitReportReporter -->
<testsuite skipped="0" hostname="DESKTOP-0IMQFNT" name="tests.ScreenShots" tests="1" failures="0" timestamp="17 Jan 2019 17:33:00 GMT" time="0.326" errors="0">
  <testcase name="verifyAllDropDownValuesTest" time="0.326" classname="tests.ScreenShots"/>
</testsuite> <!-- tests.ScreenShots -->
