<?xml version="1.0" encoding="UTF-8"?>
<!-- Generated by org.testng.reporters.JUnitReportReporter -->
<testsuite skipped="0" hostname="DESKTOP-0IMQFNT" name="advanced.JSExecution" tests="1" failures="0" timestamp="17 Jan 2019 19:02:04 GMT" time="7.372" errors="0">
  <testcase name="test" time="7.372" classname="advanced.JSExecution"/>
</testsuite> <!-- advanced.JSExecution -->
