<?xml version="1.0" encoding="UTF-8"?>
<!-- Generated by org.testng.reporters.JUnitReportReporter -->
<testsuite skipped="0" hostname="DESKTOP-0IMQFNT" name="tests.AlertTest" tests="1" failures="0" timestamp="12 Jan 2019 18:34:05 GMT" time="0.092" errors="0">
  <testcase name="selectCurrencyTest" time="0.092" classname="tests.AlertTest"/>
</testsuite> <!-- tests.AlertTest -->
