<?xml version="1.0" encoding="UTF-8"?>
<!-- Generated by org.testng.reporters.JUnitReportReporter -->
<testsuite skipped="0" hostname="OGK-PC8" name="actionclass.SliderActions" tests="1" failures="0" timestamp="18 Jan 2019 06:43:20 GMT" time="8.830" errors="0">
  <testcase name="test" time="8.830" classname="actionclass.SliderActions"/>
</testsuite> <!-- actionclass.SliderActions -->
