<?xml version="1.0" encoding="UTF-8"?>
<!-- Generated by org.testng.reporters.JUnitReportReporter -->
<testsuite skipped="0" hostname="DESKTOP-0IMQFNT" name="tests.RadioButtonsTest" tests="1" failures="0" timestamp="12 Jan 2019 17:52:32 GMT" time="0.095" errors="0">
  <testcase name="selectCurrencyTest" time="0.095" classname="tests.RadioButtonsTest"/>
</testsuite> <!-- tests.RadioButtonsTest -->
