<?xml version="1.0" encoding="UTF-8"?>
<!-- Generated by org.testng.reporters.JUnitReportReporter -->
<testsuite skipped="0" hostname="DESKTOP-0IMQFNT" name="waittypes.WaitTypesDemo" tests="1" failures="0" timestamp="17 Jan 2019 19:14:53 GMT" time="12.094" errors="0">
  <testcase name="test" time="12.094" classname="waittypes.WaitTypesDemo"/>
</testsuite> <!-- waittypes.WaitTypesDemo -->
