<?xml version="1.0" encoding="UTF-8"?>
<!-- Generated by org.testng.reporters.JUnitReportReporter -->
<testsuite skipped="0" hostname="DESKTOP-0IMQFNT" name="actionclass.MouseHoverActions" tests="1" failures="0" timestamp="17 Jan 2019 18:53:39 GMT" time="9.171" errors="0">
  <testcase name="test" time="9.171" classname="actionclass.MouseHoverActions"/>
</testsuite> <!-- actionclass.MouseHoverActions -->
