<?xml version="1.0" encoding="UTF-8"?>
<!-- Generated by org.testng.reporters.JUnitReportReporter -->
<testsuite skipped="0" hostname="OGK-PC8" name="tests.HandlingCalenadarTest" tests="1" failures="0" timestamp="16 Jan 2019 12:15:44 GMT" time="1.844" errors="0">
  <testcase name="ScopeTests" time="1.844" classname="tests.HandlingCalenadarTest"/>
</testsuite> <!-- tests.HandlingCalenadarTest -->
