<?xml version="1.0" encoding="UTF-8"?>
<!-- Generated by org.testng.reporters.JUnitReportReporter -->
<testsuite skipped="0" hostname="DESKTOP-0IMQFNT" name="tests.FramesDemo" tests="1" failures="0" timestamp="17 Jan 2019 18:49:06 GMT" time="0.329" errors="0">
  <testcase name="FramesTest" time="0.329" classname="tests.FramesDemo"/>
</testsuite> <!-- tests.FramesDemo -->
