<?xml version="1.0" encoding="UTF-8"?>
<!-- Generated by org.testng.reporters.JUnitReportReporter -->
<testsuite skipped="0" hostname="DESKTOP-0IMQFNT" name="basics.SelectTest" tests="2" failures="0" timestamp="12 Jan 2019 16:25:51 GMT" time="0.683" errors="0">
  <testcase name="departuCityTest" time="0.589" classname="basics.SelectTest"/>
  <testcase name="selectCurrencyTest" time="0.094" classname="basics.SelectTest"/>
</testsuite> <!-- basics.SelectTest -->
