<?xml version="1.0" encoding="UTF-8"?>
<!-- Generated by org.testng.reporters.JUnitReportReporter -->
<testsuite skipped="0" hostname="DESKTOP-0IMQFNT" name="advanced.JSScrollingElementIntoView" tests="1" failures="0" timestamp="17 Jan 2019 19:03:31 GMT" time="19.107" errors="0">
  <testcase name="test" time="19.107" classname="advanced.JSScrollingElementIntoView"/>
</testsuite> <!-- advanced.JSScrollingElementIntoView -->
