<?xml version="1.0" encoding="UTF-8"?>
<!-- Generated by org.testng.reporters.JUnitReportReporter -->
<testsuite skipped="0" hostname="DESKTOP-0IMQFNT" name="tests.HandleTableGrids" tests="1" failures="0" timestamp="17 Jan 2019 16:18:31 GMT" time="0.674" errors="0">
  <testcase name="HandleTableGridsTest" time="0.674" classname="tests.HandleTableGrids"/>
</testsuite> <!-- tests.HandleTableGrids -->
